mode: set
blog/internal/common/duplicate.go:16.46,23.2 3 1
blog/internal/common/duplicate.go:26.73,32.38 4 0
blog/internal/common/duplicate.go:32.38,33.33 1 0
blog/internal/common/duplicate.go:33.33,35.4 1 0
blog/internal/common/duplicate.go:38.2,39.14 2 0
blog/internal/common/duplicate.go:43.60,47.21 2 1
blog/internal/common/duplicate.go:47.21,50.29 3 0
blog/internal/common/duplicate.go:50.29,52.34 1 0
blog/internal/common/duplicate.go:52.34,54.5 1 0
blog/internal/common/duplicate.go:56.3,56.16 1 0
blog/internal/common/errors.go:43.36,45.13 1 0
blog/internal/common/errors.go:47.29,48.30 1 0
blog/internal/common/errors.go:51.17,53.26 1 0
blog/internal/common/errors.go:63.27,65.30 1 0
blog/internal/common/errors.go:68.21,69.24 1 0
blog/internal/common/errors.go:70.23,71.26 1 0
blog/internal/common/errors.go:72.25,73.28 1 0
blog/internal/common/errors.go:74.27,75.30 1 0
blog/internal/common/errors.go:80.18,81.26 1 0
blog/internal/common/errors.go:82.23,83.26 1 0
blog/internal/common/errors.go:85.26,86.29 1 0
blog/internal/common/errors.go:87.25,88.28 1 0
blog/internal/common/errors.go:89.34,90.31 1 0
blog/internal/common/errors.go:91.29,92.32 1 0
blog/internal/common/errors.go:93.10,94.33 1 0
blog/internal/common/response.go:14.79,17.2 2 1
blog/internal/auth/context.go:15.77,17.2 1 0
blog/internal/auth/context.go:19.63,22.2 2 0
blog/internal/auth/jwt.go:25.13,32.2 3 1
blog/internal/auth/jwt.go:35.39,41.2 4 1
blog/internal/auth/jwt.go:44.48,48.20 3 1
blog/internal/auth/jwt.go:49.9,50.12 1 1
blog/internal/auth/jwt.go:51.9,52.11 1 0
blog/internal/auth/jwt.go:54.2,54.43 1 1
blog/internal/auth/jwt.go:58.75,68.16 3 1
blog/internal/auth/jwt.go:68.16,70.3 1 0
blog/internal/auth/jwt.go:71.2,77.74 6 1
blog/internal/auth/jwt.go:81.49,83.21 2 1
blog/internal/auth/jwt.go:83.21,86.3 2 0
blog/internal/auth/jwt.go:87.2,95.68 6 1
blog/internal/auth/jwt.go:95.68,98.3 2 0
blog/internal/auth/jwt.go:100.2,101.16 2 1
blog/internal/auth/jwt.go:101.16,104.3 2 0
blog/internal/auth/jwt.go:106.2,107.60 2 1
blog/internal/auth/jwt.go:107.60,110.3 2 0
blog/internal/auth/jwt.go:112.2,112.29 1 1
blog/internal/auth/jwt.go:112.29,115.3 2 0
blog/internal/auth/jwt.go:117.2,117.36 1 1
blog/internal/auth/jwt.go:117.36,120.3 2 0
blog/internal/auth/jwt.go:121.2,121.21 1 1
blog/internal/auth/password.go:22.52,25.16 3 1
blog/internal/auth/password.go:25.16,27.3 1 0
blog/internal/auth/password.go:28.2,31.16 3 1
blog/internal/auth/password.go:31.16,33.3 1 0
blog/internal/auth/password.go:34.2,36.98 2 1
blog/internal/auth/password.go:40.68,43.21 2 1
blog/internal/auth/password.go:43.21,45.3 1 0
blog/internal/auth/password.go:46.2,47.40 2 1
blog/internal/auth/password.go:47.40,49.3 1 0
blog/internal/auth/password.go:50.2,51.16 2 1
blog/internal/auth/password.go:51.16,53.3 1 0
blog/internal/auth/password.go:54.2,55.16 2 1
blog/internal/auth/password.go:55.16,57.3 1 0
blog/internal/auth/password.go:58.2,59.40 2 1
blog/internal/auth/password.go:59.40,61.3 1 0
blog/internal/auth/password.go:63.2,64.16 2 1
blog/internal/auth/password.go:64.16,66.3 1 0
blog/internal/auth/password.go:67.2,67.47 1 1
blog/internal/handler/article_handler.go:20.73,22.2 1 1
blog/internal/handler/article_handler.go:25.80,28.61 2 1
blog/internal/handler/article_handler.go:28.61,31.3 2 0
blog/internal/handler/article_handler.go:33.2,33.39 1 1
blog/internal/handler/article_handler.go:33.39,36.3 2 1
blog/internal/handler/article_handler.go:38.2,39.9 2 1
blog/internal/handler/article_handler.go:39.9,42.3 2 0
blog/internal/handler/article_handler.go:44.2,54.57 2 1
blog/internal/handler/article_handler.go:54.57,57.3 2 0
blog/internal/handler/article_handler.go:59.2,59.72 1 1
blog/internal/handler/article_handler.go:63.80,66.61 2 1
blog/internal/handler/article_handler.go:66.61,69.3 2 0
blog/internal/handler/article_handler.go:71.2,71.39 1 1
blog/internal/handler/article_handler.go:71.39,74.3 2 0
blog/internal/handler/article_handler.go:76.2,77.9 2 1
blog/internal/handler/article_handler.go:77.9,80.3 2 0
blog/internal/handler/article_handler.go:82.2,93.57 2 1
blog/internal/handler/article_handler.go:93.57,96.3 2 0
blog/internal/handler/article_handler.go:98.2,98.72 1 1
blog/internal/handler/article_handler.go:102.80,105.61 2 1
blog/internal/handler/article_handler.go:105.61,108.3 2 0
blog/internal/handler/article_handler.go:110.2,110.39 1 1
blog/internal/handler/article_handler.go:110.39,113.3 2 0
blog/internal/handler/article_handler.go:115.2,116.9 2 1
blog/internal/handler/article_handler.go:116.9,119.3 2 0
blog/internal/handler/article_handler.go:121.2,121.69 1 1
blog/internal/handler/article_handler.go:121.69,124.3 2 0
blog/internal/handler/article_handler.go:126.2,126.72 1 1
blog/internal/handler/article_handler.go:130.81,133.61 2 1
blog/internal/handler/article_handler.go:133.61,136.3 2 0
blog/internal/handler/article_handler.go:138.2,138.39 1 1
blog/internal/handler/article_handler.go:138.39,141.3 2 0
blog/internal/handler/article_handler.go:143.2,144.9 2 1
blog/internal/handler/article_handler.go:144.9,147.3 2 0
blog/internal/handler/article_handler.go:149.2,149.70 1 1
blog/internal/handler/article_handler.go:149.70,152.3 2 0
blog/internal/handler/article_handler.go:154.2,154.72 1 1
blog/internal/handler/article_handler.go:159.83,166.39 4 1
blog/internal/handler/article_handler.go:166.39,169.3 2 0
blog/internal/handler/article_handler.go:171.2,172.16 2 1
blog/internal/handler/article_handler.go:172.16,175.3 2 0
blog/internal/handler/article_handler.go:177.2,177.39 1 1
blog/internal/handler/article_handler.go:177.39,180.3 2 1
blog/internal/handler/article_handler.go:181.2,182.66 2 1
blog/internal/handler/article_handler.go:186.88,192.39 4 1
blog/internal/handler/article_handler.go:192.39,195.3 2 0
blog/internal/handler/article_handler.go:197.2,198.9 2 1
blog/internal/handler/article_handler.go:198.9,201.3 2 0
blog/internal/handler/article_handler.go:203.2,204.16 2 1
blog/internal/handler/article_handler.go:204.16,207.3 2 0
blog/internal/handler/article_handler.go:210.2,210.44 1 1
blog/internal/handler/article_handler.go:210.44,213.3 2 0
blog/internal/handler/article_handler.go:215.2,216.66 2 1
blog/internal/handler/article_handler.go:220.83,227.39 4 1
blog/internal/handler/article_handler.go:227.39,230.3 2 0
blog/internal/handler/article_handler.go:231.2,232.16 2 1
blog/internal/handler/article_handler.go:232.16,235.3 2 0
blog/internal/handler/article_handler.go:236.2,237.82 2 1
blog/internal/handler/article_handler.go:241.81,244.9 2 1
blog/internal/handler/article_handler.go:244.9,247.3 2 1
blog/internal/handler/article_handler.go:248.2,249.16 2 1
blog/internal/handler/article_handler.go:249.16,252.3 2 0
blog/internal/handler/article_handler.go:254.2,255.82 2 1
blog/internal/handler/user_auth_handler.go:21.77,23.2 1 1
blog/internal/handler/user_auth_handler.go:26.76,30.16 3 1
blog/internal/handler/user_auth_handler.go:30.16,33.3 2 1
blog/internal/handler/user_auth_handler.go:35.2,35.39 1 1
blog/internal/handler/user_auth_handler.go:35.39,38.3 2 1
blog/internal/handler/user_auth_handler.go:40.2,52.16 3 1
blog/internal/handler/user_auth_handler.go:52.16,55.3 2 1
blog/internal/handler/user_auth_handler.go:56.2,56.66 1 1
blog/internal/handler/user_auth_handler.go:60.73,63.16 3 1
blog/internal/handler/user_auth_handler.go:63.16,66.3 2 0
blog/internal/handler/user_auth_handler.go:68.2,68.39 1 1
blog/internal/handler/user_auth_handler.go:68.39,71.3 2 0
blog/internal/handler/user_auth_handler.go:73.2,74.16 2 1
blog/internal/handler/user_auth_handler.go:74.16,77.3 2 1
blog/internal/handler/user_auth_handler.go:80.2,81.16 2 1
blog/internal/handler/user_auth_handler.go:81.16,85.3 3 0
blog/internal/handler/user_auth_handler.go:87.2,90.66 2 1
blog/internal/handler/user_handler.go:16.61,18.2 1 1
blog/internal/handler/user_handler.go:21.74,24.9 2 1
blog/internal/handler/user_handler.go:24.9,27.3 2 1
blog/internal/handler/user_handler.go:29.2,30.16 2 1
blog/internal/handler/user_handler.go:30.16,33.3 2 0
blog/internal/handler/user_handler.go:34.2,34.99 1 1
blog/internal/handler/user_handler.go:38.77,41.61 2 1
blog/internal/handler/user_handler.go:41.61,44.3 2 0
blog/internal/handler/user_handler.go:46.2,46.39 1 1
blog/internal/handler/user_handler.go:46.39,49.3 2 1
blog/internal/handler/user_handler.go:51.2,52.9 2 1
blog/internal/handler/user_handler.go:52.9,55.3 2 0
blog/internal/handler/user_handler.go:57.2,58.16 2 1
blog/internal/handler/user_handler.go:58.16,61.3 2 0
blog/internal/handler/user_handler.go:63.2,63.78 1 1
blog/internal/handler/user_handler.go:67.77,70.61 2 1
blog/internal/handler/user_handler.go:70.61,73.3 2 1
blog/internal/handler/user_handler.go:75.2,75.39 1 1
blog/internal/handler/user_handler.go:75.39,78.3 2 1
blog/internal/handler/user_handler.go:80.2,81.9 2 1
blog/internal/handler/user_handler.go:81.9,84.3 2 0
blog/internal/handler/user_handler.go:86.2,87.16 2 1
blog/internal/handler/user_handler.go:87.16,90.3 2 1
blog/internal/handler/user_handler.go:92.2,92.78 1 0
blog/internal/handler/user_handler.go:97.70,99.2 1 1
blog/internal/dto/article/request.go:16.49,17.38 1 1
blog/internal/dto/article/request.go:17.38,19.3 1 1
blog/internal/dto/article/request.go:20.2,20.12 1 1
blog/internal/dto/article/request.go:32.49,33.15 1 1
blog/internal/dto/article/request.go:33.15,35.3 1 1
blog/internal/dto/article/request.go:36.2,36.38 1 1
blog/internal/dto/article/request.go:36.38,38.3 1 0
blog/internal/dto/article/request.go:40.2,40.60 1 1
blog/internal/dto/article/request.go:40.60,42.3 1 0
blog/internal/dto/article/request.go:43.2,43.12 1 1
blog/internal/dto/article/request.go:51.49,52.15 1 1
blog/internal/dto/article/request.go:52.15,54.3 1 1
blog/internal/dto/article/request.go:55.2,55.12 1 1
blog/internal/dto/article/request.go:63.50,64.15 1 1
blog/internal/dto/article/request.go:64.15,66.3 1 1
blog/internal/dto/article/request.go:67.2,67.12 1 1
blog/internal/dto/article/request.go:75.45,76.15 1 1
blog/internal/dto/article/request.go:76.15,78.3 1 1
blog/internal/dto/article/request.go:79.2,79.12 1 1
blog/internal/dto/article/request.go:87.50,88.21 1 0
blog/internal/dto/article/request.go:88.21,90.3 1 0
blog/internal/dto/article/request.go:91.2,91.12 1 0
blog/internal/dto/article/response.go:39.72,40.14 1 0
blog/internal/dto/article/response.go:40.14,42.3 1 0
blog/internal/dto/article/response.go:43.2,52.3 1 0
blog/internal/dto/article/response.go:56.75,62.27 2 0
blog/internal/dto/article/response.go:62.27,65.28 3 0
blog/internal/dto/article/response.go:65.28,67.4 1 0
blog/internal/dto/article/response.go:69.3,75.5 1 0
blog/internal/dto/article/response.go:77.2,78.13 2 0
blog/internal/middleware/auth.go:11.53,12.71 1 1
blog/internal/middleware/auth.go:12.71,15.23 2 1
blog/internal/middleware/auth.go:15.23,19.4 3 1
blog/internal/middleware/auth.go:21.3,21.48 1 0
blog/internal/middleware/auth.go:21.48,25.4 3 0
blog/internal/middleware/auth.go:28.3,29.18 2 0
blog/internal/middleware/auth.go:29.18,33.4 3 0
blog/internal/middleware/auth.go:35.3,36.17 2 0
blog/internal/middleware/auth.go:36.17,40.4 3 0
blog/internal/middleware/auth.go:42.3,45.43 3 0
blog/internal/middleware/duplicate.go:12.80,13.46 1 1
blog/internal/middleware/duplicate.go:13.46,14.72 1 1
blog/internal/middleware/duplicate.go:14.72,17.56 2 1
blog/internal/middleware/duplicate.go:17.56,19.5 1 1
blog/internal/middleware/duplicate.go:22.4,22.43 1 1
blog/internal/middleware/duplicate.go:22.43,25.5 2 1
blog/internal/middleware/duplicate.go:28.4,28.24 1 1
blog/internal/model/article_status_enum.go:13.33,14.11 1 1
blog/internal/model/article_status_enum.go:15.15,16.21 1 1
blog/internal/model/article_status_enum.go:17.13,18.18 1 1
blog/internal/model/article_status_enum.go:19.17,20.21 1 1
blog/internal/model/article_status_enum.go:21.10,22.24 1 1
blog/internal/model/article_status_enum.go:26.41,28.11 2 1
blog/internal/model/article_status_enum.go:29.33,30.13 1 1
blog/internal/model/article_status_enum.go:31.10,32.42 1 1
blog/internal/model/user_role_enum.go:12.31,13.11 1 0
blog/internal/model/user_role_enum.go:14.16,15.18 1 0
blog/internal/model/user_role_enum.go:16.17,17.21 1 0
blog/internal/model/user_role_enum.go:18.10,19.24 1 0
blog/internal/model/user_role_enum.go:23.37,25.11 2 0
blog/internal/model/user_role_enum.go:26.27,27.13 1 0
blog/internal/model/user_role_enum.go:28.10,29.42 1 0
blog/internal/repository/article_repository.go:13.48,17.2 1 1
blog/internal/repository/article_repository.go:20.73,23.2 2 1
blog/internal/repository/article_repository.go:26.73,27.57 1 1
blog/internal/repository/article_repository.go:27.57,29.3 1 1
blog/internal/repository/article_repository.go:30.2,30.12 1 1
blog/internal/repository/article_repository.go:34.80,35.46 1 1
blog/internal/repository/article_repository.go:35.46,37.3 1 1
blog/internal/repository/article_repository.go:38.2,38.12 1 1
blog/internal/repository/article_repository.go:42.79,43.37 1 1
blog/internal/repository/article_repository.go:43.37,44.23 1 1
blog/internal/repository/article_repository.go:44.23,46.4 1 1
blog/internal/repository/article_repository.go:48.2,48.59 1 0
blog/internal/repository/article_repository.go:52.100,55.19 2 1
blog/internal/repository/article_repository.go:55.19,56.38 1 0
blog/internal/repository/article_repository.go:56.38,57.32 1 0
blog/internal/repository/article_repository.go:57.32,59.5 1 0
blog/internal/repository/article_repository.go:61.8,62.38 1 1
blog/internal/repository/article_repository.go:62.38,63.64 1 1
blog/internal/repository/article_repository.go:63.64,65.5 1 1
blog/internal/repository/article_repository.go:69.2,69.18 1 1
blog/internal/repository/user_repository.go:15.42,19.2 1 1
blog/internal/repository/user_repository.go:22.61,25.2 2 1
blog/internal/repository/user_repository.go:28.76,30.29 2 1
blog/internal/repository/user_repository.go:30.29,33.3 2 1
blog/internal/repository/user_repository.go:34.2,34.18 1 1
blog/internal/repository/user_repository.go:38.70,39.31 1 1
blog/internal/repository/user_repository.go:39.31,40.20 1 1
blog/internal/repository/user_repository.go:40.20,42.4 1 1
blog/internal/repository/user_repository.go:44.2,44.56 1 1
blog/internal/repository/user_repository.go:48.61,51.2 2 1
blog/cmd/main.go:12.13,33.2 9 0
blog/internal/routes/article_route.go:12.84,65.2 9 0
blog/internal/routes/main_route.go:15.55,23.2 4 0
blog/internal/routes/main_route.go:30.75,33.45 2 0
blog/internal/routes/main_route.go:33.45,35.3 1 0
blog/internal/routes/main_route.go:36.2,36.15 1 0
blog/internal/routes/user_route.go:9.117,36.2 6 0
blog/internal/dto/user/request.go:16.44,17.59 1 0
blog/internal/dto/user/request.go:17.59,19.3 1 0
blog/internal/dto/user/request.go:20.2,20.25 1 0
blog/internal/dto/user/request.go:20.25,22.3 1 0
blog/internal/dto/user/request.go:24.2,24.59 1 0
blog/internal/dto/user/request.go:24.59,26.3 1 0
blog/internal/dto/user/request.go:27.2,27.12 1 0
blog/internal/dto/user/request.go:36.41,37.39 1 0
blog/internal/dto/user/request.go:37.39,39.3 1 0
blog/internal/dto/user/request.go:40.2,40.12 1 0
blog/internal/dto/user/request.go:49.49,50.22 1 0
blog/internal/dto/user/request.go:50.22,52.3 1 0
blog/internal/dto/user/request.go:53.2,53.12 1 0
blog/internal/dto/user/request.go:63.49,64.65 1 0
blog/internal/dto/user/request.go:64.65,66.3 1 0
blog/internal/dto/user/request.go:67.2,67.28 1 0
blog/internal/dto/user/request.go:67.28,69.3 1 0
blog/internal/dto/user/request.go:70.2,70.12 1 0
blog/internal/dto/user/response.go:24.68,36.2 1 0
blog/internal/service/article_service.go:14.76,16.2 1 1
blog/internal/service/article_service.go:19.70,24.2 4 1
blog/internal/service/article_service.go:27.70,29.16 2 1
blog/internal/service/article_service.go:29.16,31.3 1 0
blog/internal/service/article_service.go:32.2,32.40 1 1
blog/internal/service/article_service.go:32.40,34.3 1 1
blog/internal/service/article_service.go:35.2,35.45 1 1
blog/internal/service/article_service.go:35.45,37.3 1 1
blog/internal/service/article_service.go:38.2,38.38 1 1
blog/internal/service/article_service.go:42.77,44.2 1 1
blog/internal/service/article_service.go:47.78,49.16 2 1
blog/internal/service/article_service.go:49.16,51.3 1 1
blog/internal/service/article_service.go:52.2,52.20 1 1
blog/internal/service/article_service.go:52.20,54.3 1 0
blog/internal/service/article_service.go:55.2,55.37 1 1
blog/internal/service/article_service.go:55.37,57.3 1 1
blog/internal/service/article_service.go:58.2,58.21 1 1
blog/internal/service/article_service.go:62.78,64.16 2 1
blog/internal/service/article_service.go:64.16,66.3 1 0
blog/internal/service/article_service.go:67.2,67.37 1 1
blog/internal/service/article_service.go:67.37,69.3 1 0
blog/internal/service/article_service.go:70.2,73.38 4 1
blog/internal/service/article_service.go:77.85,79.2 1 1
blog/internal/service/article_service.go:82.83,84.2 1 1
blog/internal/service/user_auth_service.go:16.75,18.2 1 1
blog/internal/service/user_auth_service.go:21.77,24.16 3 1
blog/internal/service/user_auth_service.go:24.16,27.3 2 0
blog/internal/service/user_auth_service.go:28.2,29.16 2 1
blog/internal/service/user_auth_service.go:29.16,32.3 2 1
blog/internal/service/user_auth_service.go:33.2,35.32 3 1
blog/internal/service/user_auth_service.go:39.78,42.16 3 1
blog/internal/service/user_auth_service.go:42.16,44.3 1 1
blog/internal/service/user_auth_service.go:45.2,46.16 2 1
blog/internal/service/user_auth_service.go:46.16,49.3 2 0
blog/internal/service/user_auth_service.go:50.2,50.9 1 1
blog/internal/service/user_auth_service.go:50.9,53.3 2 1
blog/internal/service/user_auth_service.go:54.2,54.22 1 1
blog/internal/service/user_auth_service.go:54.22,57.3 2 0
blog/internal/service/user_auth_service.go:58.2,58.18 1 1
blog/internal/service/user_service.go:15.67,17.2 1 1
blog/internal/service/user_service.go:20.69,22.2 1 1
blog/internal/service/user_service.go:25.89,28.16 2 1
blog/internal/service/user_service.go:28.16,30.3 1 0
blog/internal/service/user_service.go:32.2,36.32 4 1
blog/internal/service/user_service.go:40.111,43.16 2 1
blog/internal/service/user_service.go:43.16,45.3 1 0
blog/internal/service/user_service.go:47.2,52.16 2 1
blog/internal/service/user_service.go:52.16,54.3 1 0
blog/internal/service/user_service.go:56.2,56.9 1 1
blog/internal/service/user_service.go:56.9,58.3 1 1
blog/internal/service/user_service.go:60.2,61.16 2 1
blog/internal/service/user_service.go:61.16,63.3 1 0
blog/internal/service/user_service.go:65.2,69.32 4 1
