mode: set
blog/internal/service/article_service.go:14.76,16.2 1 1
blog/internal/service/article_service.go:19.70,24.2 4 1
blog/internal/service/article_service.go:27.70,29.16 2 1
blog/internal/service/article_service.go:29.16,31.3 1 0
blog/internal/service/article_service.go:32.2,32.40 1 1
blog/internal/service/article_service.go:32.40,34.3 1 0
blog/internal/service/article_service.go:35.2,35.45 1 1
blog/internal/service/article_service.go:35.45,37.3 1 1
blog/internal/service/article_service.go:38.2,38.38 1 1
blog/internal/service/article_service.go:42.77,44.2 1 1
blog/internal/service/article_service.go:47.78,49.16 2 1
blog/internal/service/article_service.go:49.16,51.3 1 1
blog/internal/service/article_service.go:52.2,52.20 1 1
blog/internal/service/article_service.go:52.20,54.3 1 0
blog/internal/service/article_service.go:55.2,55.37 1 1
blog/internal/service/article_service.go:55.37,57.3 1 0
blog/internal/service/article_service.go:58.2,58.21 1 1
blog/internal/service/article_service.go:62.78,64.16 2 1
blog/internal/service/article_service.go:64.16,66.3 1 0
blog/internal/service/article_service.go:67.2,67.37 1 1
blog/internal/service/article_service.go:67.37,69.3 1 0
blog/internal/service/article_service.go:70.2,73.38 4 1
blog/internal/service/article_service.go:77.85,79.2 1 1
blog/internal/service/article_service.go:82.83,84.2 1 1
blog/internal/service/user_auth_service.go:16.75,18.2 1 1
blog/internal/service/user_auth_service.go:21.77,24.16 3 1
blog/internal/service/user_auth_service.go:24.16,27.3 2 0
blog/internal/service/user_auth_service.go:28.2,29.16 2 1
blog/internal/service/user_auth_service.go:29.16,32.3 2 1
blog/internal/service/user_auth_service.go:33.2,35.32 3 1
blog/internal/service/user_auth_service.go:39.78,42.16 3 1
blog/internal/service/user_auth_service.go:42.16,44.3 1 1
blog/internal/service/user_auth_service.go:45.2,46.16 2 1
blog/internal/service/user_auth_service.go:46.16,49.3 2 0
blog/internal/service/user_auth_service.go:50.2,50.9 1 1
blog/internal/service/user_auth_service.go:50.9,53.3 2 1
blog/internal/service/user_auth_service.go:54.2,54.22 1 1
blog/internal/service/user_auth_service.go:54.22,57.3 2 0
blog/internal/service/user_auth_service.go:58.2,58.18 1 1
blog/internal/service/user_service.go:15.67,17.2 1 0
blog/internal/service/user_service.go:20.69,22.2 1 0
blog/internal/service/user_service.go:25.89,28.16 2 0
blog/internal/service/user_service.go:28.16,30.3 1 0
blog/internal/service/user_service.go:32.2,36.32 4 0
blog/internal/service/user_service.go:40.111,43.16 2 0
blog/internal/service/user_service.go:43.16,45.3 1 0
blog/internal/service/user_service.go:47.2,52.16 2 0
blog/internal/service/user_service.go:52.16,54.3 1 0
blog/internal/service/user_service.go:56.2,56.9 1 0
blog/internal/service/user_service.go:56.9,58.3 1 0
blog/internal/service/user_service.go:60.2,61.16 2 0
blog/internal/service/user_service.go:61.16,63.3 1 0
blog/internal/service/user_service.go:65.2,69.32 4 0
